<?xml version="1.0" encoding="UTF-8"?>
<!-- Generated by org.testng.reporters.JUnitXMLReporter -->
<testsuite ignored="0" hostname="WINDOWS-3VC721H" failures="0" tests="4" name="Default test" time="141.27" errors="0" timestamp="16 Jul 2020 07:07:21 GMT">
  <testcase classname="test.ElementsObjectTest" name="ElementsClick" time="4.07"/>
  <testcase classname="test.ElementsObjectTest" name="AlertsClick" time="7.232"/>
  <testcase classname="test.ElementsObjectTest" name="Frames" time="105.544"/>
  <testcase classname="test.ElementsObjectTest" name="Forms" time="7.953"/>
</testsuite> <!-- Default test -->
