<?xml version="1.0" encoding="UTF-8"?>
<!-- Generated by org.testng.reporters.JUnitXMLReporter -->
<testsuite ignored="1" hostname="WINDOWS-3VC721H" failures="0" tests="1" name="Default test" time="12.995" errors="0" timestamp="21 Jun 2020 11:15:42 GMT">
  <testcase classname="test.ElementsObjectTest" name="AlertsClick" time="0.189"/>
  <testcase classname="test.ElementsObjectTest" name="ElementsClick" time="0.0">
    <ignored/>
  </testcase> <!-- ElementsClick -->
</testsuite> <!-- Default test -->
