<?xml version="1.0" encoding="UTF-8"?>
<testng-results ignored="1" total="2" passed="1" failed="0" skipped="0">
  <reporter-output>
  </reporter-output>
  <suite started-at="2020-06-21T11:15:28Z" name="Default suite" finished-at="2020-06-21T11:15:41Z" duration-ms="12995">
    <groups>
    </groups>
    <test started-at="2020-06-21T11:15:28Z" name="Default test" finished-at="2020-06-21T11:15:41Z" duration-ms="12995">
      <class name="test.ElementsObjectTest">
        <test-method is-config="true" signature="urlLogin()[pri:0, instance:test.ElementsObjectTest@c4ed84]" started-at="2020-06-21T11:15:28Z" name="urlLogin" finished-at="2020-06-21T11:15:41Z" duration-ms="12776" status="PASS">
          <reporter-output>
          </reporter-output>
        </test-method> <!-- urlLogin -->
        <test-method signature="AlertsClick()[pri:0, instance:test.ElementsObjectTest@c4ed84]" started-at="2020-06-21T11:15:41Z" name="AlertsClick" finished-at="2020-06-21T11:15:41Z" duration-ms="189" status="PASS">
          <reporter-output>
          </reporter-output>
        </test-method> <!-- AlertsClick -->
        <test-method is-config="true" signature="browserquit()[pri:0, instance:test.ElementsObjectTest@c4ed84]" started-at="2020-06-21T11:15:41Z" name="browserquit" finished-at="2020-06-21T11:15:41Z" duration-ms="0" status="PASS">
          <reporter-output>
          </reporter-output>
        </test-method> <!-- browserquit -->
      </class> <!-- test.ElementsObjectTest -->
    </test> <!-- Default test -->
  </suite> <!-- Default suite -->
</testng-results>
