<?xml version="1.0" encoding="UTF-8"?>
<!-- Generated by org.testng.reporters.JUnitReportReporter -->
<testsuite hostname="WINDOWS-3VC721H" failures="0" tests="4" name="test.ElementsObjectTest" time="124.799" errors="0" timestamp="16 Jul 2020 07:07:22 GMT" skipped="0">
  <testcase classname="test.ElementsObjectTest" name="ElementsClick" time="4.070"/>
  <testcase classname="test.ElementsObjectTest" name="AlertsClick" time="7.232"/>
  <testcase classname="test.ElementsObjectTest" name="Frames" time="105.544"/>
  <testcase classname="test.ElementsObjectTest" name="Forms" time="7.953"/>
</testsuite> <!-- test.ElementsObjectTest -->
