<?xml version="1.0" encoding="UTF-8"?>
<!-- Generated by org.testng.reporters.JUnitReportReporter -->
<testsuite hostname="WINDOWS-3VC721H" failures="0" tests="2" name="test.ElementsObjectTest" time="0.189" errors="0" timestamp="21 Jun 2020 11:15:42 GMT" skipped="1">
  <testcase classname="test.ElementsObjectTest" name="AlertsClick" time="0.189"/>
  <testcase classname="test.ElementsObjectTest" name="ElementsClick">
    <skipped/>
  </testcase> <!-- ElementsClick -->
</testsuite> <!-- test.ElementsObjectTest -->
